<testsuites id="" name="" tests="3" failures="0" skipped="0" errors="0" time="24.264336">
<testsuite name="valid_login.spec.js" timestamp="2025-12-05T15:53:42.864Z" hostname="chromium" tests="1" failures="0" skipped="0" time="9.939" errors="0">
<testcase name="FDK-29: Uspesne prihlasenie s platnymi udajmi" classname="valid_login.spec.js" time="9.939">
</testcase>
</testsuite>
<testsuite name="valid_login.spec.js" timestamp="2025-12-05T15:53:42.864Z" hostname="firefox" tests="1" failures="0" skipped="0" time="10.253" errors="0">
<testcase name="FDK-29: Uspesne prihlasenie s platnymi udajmi" classname="valid_login.spec.js" time="10.253">
</testcase>
</testsuite>
<testsuite name="valid_login.spec.js" timestamp="2025-12-05T15:53:42.864Z" hostname="webkit" tests="1" failures="0" skipped="0" time="6.169" errors="0">
<testcase name="FDK-29: Uspesne prihlasenie s platnymi udajmi" classname="valid_login.spec.js" time="6.169">
</testcase>
</testsuite>
</testsuites>